
=== Thu Feb  6 18:07:09 2025

Packages were changed.
Update Mode: mergeDefaultDependencies

The following packages were added:
  com.unity.modules.androidjni@1.0.0
  com.unity.modules.cloth@1.0.0
  com.unity.modules.director@1.0.0
  com.unity.modules.terrainphysics@1.0.0
  com.unity.modules.tilemap@1.0.0
  com.unity.modules.uielements@1.0.0
  com.unity.modules.umbra@1.0.0
  com.unity.modules.unityanalytics@1.0.0
  com.unity.modules.vehicles@1.0.0
  com.unity.modules.video@1.0.0
  com.unity.modules.wind@1.0.0
  com.unity.modules.accessibility@1.0.0
  com.unity.multiplayer.center@1.0.0
The following packages were updated:
  com.unity.ai.navigation from version 2.0.0 to 2.0.5
  com.unity.collab-proxy from version 2.3.1 to 2.6.0
  com.unity.learn.iet-framework from version 3.1.3 to 4.0.4
  com.unity.probuilder from version 6.0.1 to 6.0.4
  com.unity.test-framework from version 1.4.4 to 1.4.5
  com.unity.timeline from version 1.8.6 to 1.8.7
